# JRE version: OpenJDK Runtime Environment Temurin-17.0.10+7 (17.0.10+7) (build 17.0.10+7)
# Java VM: OpenJDK 64-Bit Server VM Temurin-17.0.10+7 (17.0.10+7, mixed mode, tiered, compressed oops, compressed class ptrs, parallel gc, windows-amd64)
GC Precious Log:
 CPUs: 4 total, 4 available
 Memory: 3965M
 Large Page Support: Disabled
 NUMA Support: Disabled
 Compressed Oops: Enabled (32-bit)
 Alignments: Space 512K, Generation 512K, Heap 2M
 Heap Min Capacity: 100M
 Heap Initial Capacity: 100M
 Heap Max Capacity: 1G
 Pre-touch: Disabled
 Parallel Workers: 4
Heap:
 PSYoungGen      total 6144K, used 2997K [0x00000000eab00000, 0x00000000eb400000, 0x0000000100000000)
  eden space 4608K, 36% used [0x00000000eab00000,0x00000000eaca1498,0x00000000eaf80000)
  from space 1536K, 86% used [0x00000000eb280000,0x00000000eb3cc090,0x00000000eb400000)
  to   space 1536K, 0% used [0x00000000eaf80000,0x00000000eaf80000,0x00000000eb100000)
 ParOldGen       total 243200K, used 220189K [0x00000000c0000000, 0x00000000ced80000, 0x00000000eab00000)
  object space 243200K, 90% used [0x00000000c0000000,0x00000000cd707560,0x00000000ced80000)
 Metaspace       used 68795K, committed 69952K, reserved 1114112K
  class space    used 7241K, committed 7744K, reserved 1048576K
GC Heap History (20 events):
Event: 172.129 GC heap after
{Heap after GC invocations=389 (full 17):
 PSYoungGen      total 7680K, used 3144K [0x00000000eab00000, 0x00000000eb900000, 0x0000000100000000)
  eden space 4096K, 0% used [0x00000000eab00000,0x00000000eab00000,0x00000000eaf00000)
  from space 3584K, 87% used [0x00000000eb580000,0x00000000eb892000,0x00000000eb900000)
  to   space 4096K, 0% used [0x00000000eb100000,0x00000000eb100000,0x00000000eb500000)
 ParOldGen       total 367104K, used 353631K [0x00000000c0000000, 0x00000000d6680000, 0x00000000eab00000)
  object space 367104K, 96% used [0x00000000c0000000,0x00000000d5957f80,0x00000000d6680000)
 Metaspace       used 68289K, committed 69440K, reserved 1114112K
  class space    used 7205K, committed 7680K, reserved 1048576K
}
Event: 172.975 GC heap before
{Heap before GC invocations=390 (full 17):
 PSYoungGen      total 7680K, used 7240K [0x00000000eab00000, 0x00000000eb900000, 0x0000000100000000)
  eden space 4096K, 100% used [0x00000000eab00000,0x00000000eaf00000,0x00000000eaf00000)
  from space 3584K, 87% used [0x00000000eb580000,0x00000000eb892000,0x00000000eb900000)
  to   space 4096K, 0% used [0x00000000eb100000,0x00000000eb100000,0x00000000eb500000)
 ParOldGen       total 367104K, used 353631K [0x00000000c0000000, 0x00000000d6680000, 0x00000000eab00000)
  object space 367104K, 96% used [0x00000000c0000000,0x00000000d5957f80,0x00000000d6680000)
 Metaspace       used 68289K, committed 69440K, reserved 1114112K
  class space    used 7205K, committed 7680K, reserved 1048576K
}
Event: 172.989 GC heap after
{Heap after GC invocations=390 (full 17):
 PSYoungGen      total 8704K, used 4079K [0x00000000eab00000, 0x00000000ebc80000, 0x0000000100000000)
  eden space 4608K, 0% used [0x00000000eab00000,0x00000000eab00000,0x00000000eaf80000)
  from space 4096K, 99% used [0x00000000eb100000,0x00000000eb4fbfa0,0x00000000eb500000)
  to   space 6656K, 0% used [0x00000000eb600000,0x00000000eb600000,0x00000000ebc80000)
 ParOldGen       total 367104K, used 355319K [0x00000000c0000000, 0x00000000d6680000, 0x00000000eab00000)
  object space 367104K, 96% used [0x00000000c0000000,0x00000000d5afdf80,0x00000000d6680000)
 Metaspace       used 68289K, committed 69440K, reserved 1114112K
  class space    used 7205K, committed 7680K, reserved 1048576K
}
Event: 176.542 GC heap before
{Heap before GC invocations=391 (full 17):
 PSYoungGen      total 8704K, used 8687K [0x00000000eab00000, 0x00000000ebc80000, 0x0000000100000000)
  eden space 4608K, 99% used [0x00000000eab00000,0x00000000eaf7fff8,0x00000000eaf80000)
  from space 4096K, 99% used [0x00000000eb100000,0x00000000eb4fbfa0,0x00000000eb500000)
  to   space 6656K, 0% used [0x00000000eb600000,0x00000000eb600000,0x00000000ebc80000)
 ParOldGen       total 367104K, used 355319K [0x00000000c0000000, 0x00000000d6680000, 0x00000000eab00000)
  object space 367104K, 96% used [0x00000000c0000000,0x00000000d5afdf80,0x00000000d6680000)
 Metaspace       used 68315K, committed 69440K, reserved 1114112K
  class space    used 7209K, committed 7680K, reserved 1048576K
}
Event: 176.565 GC heap after
{Heap after GC invocations=391 (full 17):
 PSYoungGen      total 8192K, used 2897K [0x00000000eab00000, 0x00000000eb900000, 0x0000000100000000)
  eden space 5120K, 0% used [0x00000000eab00000,0x00000000eab00000,0x00000000eb000000)
  from space 3072K, 94% used [0x00000000eb600000,0x00000000eb8d4520,0x00000000eb900000)
  to   space 4096K, 0% used [0x00000000eb100000,0x00000000eb100000,0x00000000eb500000)
 ParOldGen       total 367104K, used 359394K [0x00000000c0000000, 0x00000000d6680000, 0x00000000eab00000)
  object space 367104K, 97% used [0x00000000c0000000,0x00000000d5ef89c0,0x00000000d6680000)
 Metaspace       used 68315K, committed 69440K, reserved 1114112K
  class space    used 7209K, committed 7680K, reserved 1048576K
}
Event: 176.696 GC heap before
{Heap before GC invocations=392 (full 17):
 PSYoungGen      total 8192K, used 8017K [0x00000000eab00000, 0x00000000eb900000, 0x0000000100000000)
  eden space 5120K, 100% used [0x00000000eab00000,0x00000000eb000000,0x00000000eb000000)
  from space 3072K, 94% used [0x00000000eb600000,0x00000000eb8d4520,0x00000000eb900000)
  to   space 4096K, 0% used [0x00000000eb100000,0x00000000eb100000,0x00000000eb500000)
 ParOldGen       total 367104K, used 359394K [0x00000000c0000000, 0x00000000d6680000, 0x00000000eab00000)
  object space 367104K, 97% used [0x00000000c0000000,0x00000000d5ef89c0,0x00000000d6680000)
 Metaspace       used 68317K, committed 69440K, reserved 1114112K
  class space    used 7209K, committed 7680K, reserved 1048576K
}
Event: 176.708 GC heap after
{Heap after GC invocations=392 (full 17):
 PSYoungGen      total 9728K, used 4095K [0x00000000eab00000, 0x00000000eba80000, 0x0000000100000000)
  eden space 5632K, 0% used [0x00000000eab00000,0x00000000eab00000,0x00000000eb080000)
  from space 4096K, 99% used [0x00000000eb100000,0x00000000eb4ffcd8,0x00000000eb500000)
  to   space 5120K, 0% used [0x00000000eb580000,0x00000000eb580000,0x00000000eba80000)
 ParOldGen       total 367104K, used 359818K [0x00000000c0000000, 0x00000000d6680000, 0x00000000eab00000)
  object space 367104K, 98% used [0x00000000c0000000,0x00000000d5f629c0,0x00000000d6680000)
 Metaspace       used 68317K, committed 69440K, reserved 1114112K
  class space    used 7209K, committed 7680K, reserved 1048576K
}
Event: 176.989 GC heap before
{Heap before GC invocations=393 (full 17):
 PSYoungGen      total 9728K, used 9727K [0x00000000eab00000, 0x00000000eba80000, 0x0000000100000000)
  eden space 5632K, 100% used [0x00000000eab00000,0x00000000eb080000,0x00000000eb080000)
  from space 4096K, 99% used [0x00000000eb100000,0x00000000eb4ffcd8,0x00000000eb500000)
  to   space 5120K, 0% used [0x00000000eb580000,0x00000000eb580000,0x00000000eba80000)
 ParOldGen       total 367104K, used 359818K [0x00000000c0000000, 0x00000000d6680000, 0x00000000eab00000)
  object space 367104K, 98% used [0x00000000c0000000,0x00000000d5f629c0,0x00000000d6680000)
 Metaspace       used 68321K, committed 69440K, reserved 1114112K
  class space    used 7210K, committed 7680K, reserved 1048576K
}
Event: 177.006 GC heap after
{Heap after GC invocations=393 (full 17):
 PSYoungGen      total 10752K, used 3915K [0x00000000eab00000, 0x00000000eba00000, 0x0000000100000000)
  eden space 6144K, 0% used [0x00000000eab00000,0x00000000eab00000,0x00000000eb100000)
  from space 4608K, 84% used [0x00000000eb580000,0x00000000eb952f30,0x00000000eba00000)
  to   space 4608K, 0% used [0x00000000eb100000,0x00000000eb100000,0x00000000eb580000)
 ParOldGen       total 367104K, used 363944K [0x00000000c0000000, 0x00000000d6680000, 0x00000000eab00000)
  object space 367104K, 99% used [0x00000000c0000000,0x00000000d636a070,0x00000000d6680000)
 Metaspace       used 68321K, committed 69440K, reserved 1114112K
  class space    used 7210K, committed 7680K, reserved 1048576K
}
Event: 177.006 GC heap before
{Heap before GC invocations=394 (full 18):
 PSYoungGen      total 10752K, used 3915K [0x00000000eab00000, 0x00000000eba00000, 0x0000000100000000)
  eden space 6144K, 0% used [0x00000000eab00000,0x00000000eab00000,0x00000000eb100000)
  from space 4608K, 84% used [0x00000000eb580000,0x00000000eb952f30,0x00000000eba00000)
  to   space 4608K, 0% used [0x00000000eb100000,0x00000000eb100000,0x00000000eb580000)
 ParOldGen       total 367104K, used 363944K [0x00000000c0000000, 0x00000000d6680000, 0x00000000eab00000)
  object space 367104K, 99% used [0x00000000c0000000,0x00000000d636a070,0x00000000d6680000)
 Metaspace       used 68321K, committed 69440K, reserved 1114112K
  class space    used 7210K, committed 7680K, reserved 1048576K
}
Event: 177.492 GC heap after
{Heap after GC invocations=394 (full 18):
 PSYoungGen      total 10752K, used 0K [0x00000000eab00000, 0x00000000ebb00000, 0x0000000100000000)
  eden space 6144K, 0% used [0x00000000eab00000,0x00000000eab00000,0x00000000eb100000)
  from space 4608K, 0% used [0x00000000eb100000,0x00000000eb100000,0x00000000eb580000)
  to   space 4608K, 0% used [0x00000000eb680000,0x00000000eb680000,0x00000000ebb00000)
 ParOldGen       total 243200K, used 210086K [0x00000000c0000000, 0x00000000ced80000, 0x00000000eab00000)
  object space 243200K, 86% used [0x00000000c0000000,0x00000000ccd29bb8,0x00000000ced80000)
 Metaspace       used 68321K, committed 69440K, reserved 1114112K
  class space    used 7210K, committed 7680K, reserved 1048576K
}
Event: 178.191 GC heap before
{Heap before GC invocations=395 (full 18):
 PSYoungGen      total 10752K, used 6144K [0x00000000eab00000, 0x00000000ebb00000, 0x0000000100000000)
  eden space 6144K, 100% used [0x00000000eab00000,0x00000000eb100000,0x00000000eb100000)
  from space 4608K, 0% used [0x00000000eb100000,0x00000000eb100000,0x00000000eb580000)
  to   space 4608K, 0% used [0x00000000eb680000,0x00000000eb680000,0x00000000ebb00000)
 ParOldGen       total 243200K, used 210086K [0x00000000c0000000, 0x00000000ced80000, 0x00000000eab00000)
  object space 243200K, 86% used [0x00000000c0000000,0x00000000ccd29bb8,0x00000000ced80000)
 Metaspace       used 68327K, committed 69440K, reserved 1114112K
  class space    used 7210K, committed 7680K, reserved 1048576K
}
Event: 178.199 GC heap after
{Heap after GC invocations=395 (full 18):
 PSYoungGen      total 10240K, used 4605K [0x00000000eab00000, 0x00000000ebd00000, 0x0000000100000000)
  eden space 5632K, 0% used [0x00000000eab00000,0x00000000eab00000,0x00000000eb080000)
  from space 4608K, 99% used [0x00000000eb680000,0x00000000ebaff7c8,0x00000000ebb00000)
  to   space 6144K, 0% used [0x00000000eb080000,0x00000000eb080000,0x00000000eb680000)
 ParOldGen       total 243200K, used 211212K [0x00000000c0000000, 0x00000000ced80000, 0x00000000eab00000)
  object space 243200K, 86% used [0x00000000c0000000,0x00000000cce43068,0x00000000ced80000)
 Metaspace       used 68327K, committed 69440K, reserved 1114112K
  class space    used 7210K, committed 7680K, reserved 1048576K
}
Event: 178.888 GC heap before
{Heap before GC invocations=396 (full 18):
 PSYoungGen      total 10240K, used 10223K [0x00000000eab00000, 0x00000000ebd00000, 0x0000000100000000)
  eden space 5632K, 99% used [0x00000000eab00000,0x00000000eb07c550,0x00000000eb080000)
  from space 4608K, 99% used [0x00000000eb680000,0x00000000ebaff7c8,0x00000000ebb00000)
  to   space 6144K, 0% used [0x00000000eb080000,0x00000000eb080000,0x00000000eb680000)
 ParOldGen       total 243200K, used 211212K [0x00000000c0000000, 0x00000000ced80000, 0x00000000eab00000)
  object space 243200K, 86% used [0x00000000c0000000,0x00000000cce43068,0x00000000ced80000)
 Metaspace       used 68346K, committed 69504K, reserved 1114112K
  class space    used 7210K, committed 7680K, reserved 1048576K
}
Event: 178.897 GC heap after
{Heap after GC invocations=396 (full 18):
 PSYoungGen      total 9728K, used 3973K [0x00000000eab00000, 0x00000000eb980000, 0x0000000100000000)
  eden space 5632K, 0% used [0x00000000eab00000,0x00000000eab00000,0x00000000eb080000)
  from space 4096K, 97% used [0x00000000eb080000,0x00000000eb461560,0x00000000eb480000)
  to   space 4608K, 0% used [0x00000000eb500000,0x00000000eb500000,0x00000000eb980000)
 ParOldGen       total 243200K, used 214861K [0x00000000c0000000, 0x00000000ced80000, 0x00000000eab00000)
  object space 243200K, 88% used [0x00000000c0000000,0x00000000cd1d35b0,0x00000000ced80000)
 Metaspace       used 68346K, committed 69504K, reserved 1114112K
  class space    used 7210K, committed 7680K, reserved 1048576K
}
Event: 299.491 GC heap before
{Heap before GC invocations=397 (full 18):
 PSYoungGen      total 9728K, used 9605K [0x00000000eab00000, 0x00000000eb980000, 0x0000000100000000)
  eden space 5632K, 100% used [0x00000000eab00000,0x00000000eb080000,0x00000000eb080000)
  from space 4096K, 97% used [0x00000000eb080000,0x00000000eb461560,0x00000000eb480000)
  to   space 4608K, 0% used [0x00000000eb500000,0x00000000eb500000,0x00000000eb980000)
 ParOldGen       total 243200K, used 214861K [0x00000000c0000000, 0x00000000ced80000, 0x00000000eab00000)
  object space 243200K, 88% used [0x00000000c0000000,0x00000000cd1d35b0,0x00000000ced80000)
 Metaspace       used 68431K, committed 69568K, reserved 1114112K
  class space    used 7213K, committed 7680K, reserved 1048576K
}
Event: 300.045 GC heap after
{Heap after GC invocations=397 (full 18):
 PSYoungGen      total 9216K, used 4605K [0x00000000eab00000, 0x00000000ebb80000, 0x0000000100000000)
  eden space 4608K, 0% used [0x00000000eab00000,0x00000000eab00000,0x00000000eaf80000)
  from space 4608K, 99% used [0x00000000eb500000,0x00000000eb97f5c8,0x00000000eb980000)
  to   space 5632K, 0% used [0x00000000eaf80000,0x00000000eaf80000,0x00000000eb500000)
 ParOldGen       total 243200K, used 215573K [0x00000000c0000000, 0x00000000ced80000, 0x00000000eab00000)
  object space 243200K, 88% used [0x00000000c0000000,0x00000000cd285668,0x00000000ced80000)
 Metaspace       used 68431K, committed 69568K, reserved 1114112K
  class space    used 7213K, committed 7680K, reserved 1048576K
}
Event: 303.374 GC heap before
{Heap before GC invocations=398 (full 18):
 PSYoungGen      total 9216K, used 9213K [0x00000000eab00000, 0x00000000ebb80000, 0x0000000100000000)
  eden space 4608K, 100% used [0x00000000eab00000,0x00000000eaf80000,0x00000000eaf80000)
  from space 4608K, 99% used [0x00000000eb500000,0x00000000eb97f5c8,0x00000000eb980000)
  to   space 5632K, 0% used [0x00000000eaf80000,0x00000000eaf80000,0x00000000eb500000)
 ParOldGen       total 243200K, used 215573K [0x00000000c0000000, 0x00000000ced80000, 0x00000000eab00000)
  object space 243200K, 88% used [0x00000000c0000000,0x00000000cd285668,0x00000000ced80000)
 Metaspace       used 68489K, committed 69632K, reserved 1114112K
  class space    used 7213K, committed 7680K, reserved 1048576K
}
Event: 303.471 GC heap after
{Heap after GC invocations=398 (full 18):
 PSYoungGen      total 6144K, used 1072K [0x00000000eab00000, 0x00000000eb580000, 0x0000000100000000)
  eden space 4608K, 0% used [0x00000000eab00000,0x00000000eab00000,0x00000000eaf80000)
  from space 1536K, 69% used [0x00000000eaf80000,0x00000000eb08c030,0x00000000eb100000)
  to   space 3072K, 0% used [0x00000000eb280000,0x00000000eb280000,0x00000000eb580000)
 ParOldGen       total 243200K, used 220181K [0x00000000c0000000, 0x00000000ced80000, 0x00000000eab00000)
  object space 243200K, 90% used [0x00000000c0000000,0x00000000cd705560,0x00000000ced80000)
 Metaspace       used 68489K, committed 69632K, reserved 1114112K
  class space    used 7213K, committed 7680K, reserved 1048576K
}
Event: 398.105 GC heap before
{Heap before GC invocations=399 (full 18):
 PSYoungGen      total 6144K, used 5680K [0x00000000eab00000, 0x00000000eb580000, 0x0000000100000000)
  eden space 4608K, 100% used [0x00000000eab00000,0x00000000eaf80000,0x00000000eaf80000)
  from space 1536K, 69% used [0x00000000eaf80000,0x00000000eb08c030,0x00000000eb100000)
  to   space 3072K, 0% used [0x00000000eb280000,0x00000000eb280000,0x00000000eb580000)
 ParOldGen       total 243200K, used 220181K [0x00000000c0000000, 0x00000000ced80000, 0x00000000eab00000)
  object space 243200K, 90% used [0x00000000c0000000,0x00000000cd705560,0x00000000ced80000)
 Metaspace       used 68792K, committed 69952K, reserved 1114112K
  class space    used 7241K, committed 7744K, reserved 1048576K
}

